[debug] [2021-07-09T14:17:44.320Z] ----------------------------------------------------------------------
[debug] [2021-07-09T14:17:44.322Z] Command:       C:\Program Files\nodejs\node.exe C:\Users\user\AppData\Roaming\npm\node_modules\firebase-tools\lib\bin\firebase.js init
[debug] [2021-07-09T14:17:44.323Z] CLI Version:   9.16.0
[debug] [2021-07-09T14:17:44.323Z] Platform:      win32
[debug] [2021-07-09T14:17:44.323Z] Node Version:  v14.16.0
[debug] [2021-07-09T14:17:44.324Z] Time:          Fri Jul 09 2021 20:17:44 GMT+0600 (Bangladesh Standard Time)
[debug] [2021-07-09T14:17:44.324Z] ----------------------------------------------------------------------
[debug] 
[debug] [2021-07-09T14:17:44.401Z] > command requires scopes: ["email","openid","https://www.googleapis.com/auth/cloudplatformprojects.readonly","https://www.googleapis.com/auth/firebase","https://www.googleapis.com/auth/cloud-platform"]
[debug] [2021-07-09T14:17:44.401Z] > authorizing via signed-in user (sadianourinmim@gmail.com)
[info] 
     ######## #### ########  ######## ########     ###     ######  ########
     ##        ##  ##     ## ##       ##     ##  ##   ##  ##       ##
     ######    ##  ########  ######   ########  #########  ######  ######
     ##        ##  ##    ##  ##       ##     ## ##     ##       ## ##
     ##       #### ##     ## ######## ########  ##     ##  ######  ########

You're about to initialize a Firebase project in this directory:

  E:\web development(Mou)\projects\my-portfolio

Before we get started, keep in mind:

  * You are initializing within an existing Firebase project directory

[info] 
=== Project Setup
[info] 
[info] First, let's associate this project directory with a Firebase project.
[info] You can create multiple project aliases by running firebase use --add, 
[info] but for now we'll just set up a default project.
[info] 
[info] i  .firebaserc already has a default project, using my-portfolio-81c19. 
[debug] [2021-07-09T14:18:04.953Z] >>> [apiv2][query] GET https://firebase.googleapis.com/v1beta1/projects/my-portfolio-81c19 [none]
[debug] [2021-07-09T14:18:05.678Z] <<< [apiv2][status] GET https://firebase.googleapis.com/v1beta1/projects/my-portfolio-81c19 200
[debug] [2021-07-09T14:18:05.679Z] <<< [apiv2][body] GET https://firebase.googleapis.com/v1beta1/projects/my-portfolio-81c19 {"projectId":"my-portfolio-81c19","projectNumber":"603390343510","displayName":"my-portfolio","name":"projects/my-portfolio-81c19","resources":{"hostingSite":"my-portfolio-81c19"},"state":"ACTIVE"}
[info] 
=== Hosting:github Setup
[info] 
[info] i  Detected a .git folder at E:\web development(Mou)\projects\my-portfolio 
[info] i  Authorizing with GitHub to upload your service account to a GitHub repository's secrets store. 
[info] 
[info] Visit this URL on this device to log in:
[info] https://github.com/login/oauth/authorize?client_id=89cf50f02ac6aaed3484&state=400109761&redirect_uri=http%3A%2F%2Flocalhost%3A9005&scope=read%3Auser%20repo%20public_repo
[info] 
[info] Waiting for authentication...
[debug] [2021-07-09T14:18:07.296Z] >>> HTTP REQUEST POST https://github.com/login/oauth/access_token  
 {"client_id":"89cf50f02ac6aaed3484","client_secret":"3330d14abc895d9a74d5f17cd7a00711fa2c5bf0","code":"8c22bb504e59a9179db7","redirect_uri":"http://localhost:9005","state":"400109761"}
[debug] [2021-07-09T14:18:07.764Z] <<< HTTP RESPONSE 200 {"server":"GitHub.com","date":"Fri, 09 Jul 2021 14:18:26 GMT","content-type":"application/json; charset=utf-8","transfer-encoding":"chunked","vary":"X-PJAX, Accept-Encoding, Accept, X-Requested-With","permissions-policy":"interest-cohort=()","etag":"W/\"9e4f9915b7eaa65fbf6dc0f4ee764def\"","cache-control":"max-age=0, private, must-revalidate","strict-transport-security":"max-age=31536000; includeSubdomains; preload","x-frame-options":"deny","x-content-type-options":"nosniff","x-xss-protection":"0","referrer-policy":"origin-when-cross-origin, strict-origin-when-cross-origin","expect-ct":"max-age=2592000, report-uri=\"https://api.github.com/_private/browser/errors\"","content-security-policy":"default-src 'none'; base-uri 'self'; block-all-mixed-content; connect-src 'self' uploads.github.com www.githubstatus.com collector.githubapp.com api.github.com github-cloud.s3.amazonaws.com github-production-repository-file-5c1aeb.s3.amazonaws.com github-production-upload-manifest-file-7fdce7.s3.amazonaws.com github-production-user-asset-6210df.s3.amazonaws.com cdn.optimizely.com logx.optimizely.com/v1/events translator.github.com wss://alive.github.com; font-src github.githubassets.com; form-action 'self' github.com gist.github.com; frame-ancestors 'none'; frame-src render.githubusercontent.com render-temp.githubusercontent.com viewscreen.githubusercontent.com; img-src 'self' data: github.githubassets.com identicons.github.com collector.githubapp.com github-cloud.s3.amazonaws.com secured-user-images.githubusercontent.com/ *.githubusercontent.com; manifest-src 'self'; media-src 'none'; script-src github.githubassets.com; style-src 'unsafe-inline' github.githubassets.com; worker-src github.com/socket-worker-3f088aa2.js gist.github.com/socket-worker-3f088aa2.js","x-github-request-id":"D281:3AB0:195A214:1BEC9F9:60E85AB2"}
[debug] [2021-07-09T14:18:07.767Z] >>> [apiv2][query] GET https://api.github.com/user [none]
[debug] [2021-07-09T14:18:08.263Z] <<< [apiv2][status] GET https://api.github.com/user 200
[debug] [2021-07-09T14:18:08.263Z] <<< [apiv2][body] GET https://api.github.com/user {"login":"SanjidaAfrin25","id":79707254,"node_id":"MDQ6VXNlcjc5NzA3MjU0","avatar_url":"https://avatars.githubusercontent.com/u/79707254?v=4","gravatar_id":"","url":"https://api.github.com/users/SanjidaAfrin25","html_url":"https://github.com/SanjidaAfrin25","followers_url":"https://api.github.com/users/SanjidaAfrin25/followers","following_url":"https://api.github.com/users/SanjidaAfrin25/following{/other_user}","gists_url":"https://api.github.com/users/SanjidaAfrin25/gists{/gist_id}","starred_url":"https://api.github.com/users/SanjidaAfrin25/starred{/owner}{/repo}","subscriptions_url":"https://api.github.com/users/SanjidaAfrin25/subscriptions","organizations_url":"https://api.github.com/users/SanjidaAfrin25/orgs","repos_url":"https://api.github.com/users/SanjidaAfrin25/repos","events_url":"https://api.github.com/users/SanjidaAfrin25/events{/privacy}","received_events_url":"https://api.github.com/users/SanjidaAfrin25/received_events","type":"User","site_admin":false,"name":null,"company":null,"blog":"","location":null,"email":null,"hireable":null,"bio":null,"twitter_username":null,"public_repos":17,"public_gists":0,"followers":0,"following":0,"created_at":"2021-02-26T14:25:32Z","updated_at":"2021-07-09T12:59:46Z","private_gists":0,"total_private_repos":1,"owned_private_repos":1,"disk_usage":83497,"collaborators":0,"two_factor_authentication":false,"plan":{"name":"free","space":976562499,"collaborators":0,"private_repos":10000}}
[info] 
[info] +  Success! Logged into GitHub as SanjidaAfrin25 
[info] 
[debug] [2021-07-09T14:18:28.045Z] >>> [apiv2][query] GET https://api.github.com/repos/my-portfolio/actions/secrets/public-key type=owner
[debug] [2021-07-09T14:18:28.508Z] <<< [apiv2][status] GET https://api.github.com/repos/my-portfolio/actions/secrets/public-key 404
[debug] [2021-07-09T14:18:28.508Z] <<< [apiv2][body] GET https://api.github.com/repos/my-portfolio/actions/secrets/public-key {"message":"Not Found","documentation_url":"https://docs.github.com/rest"}
[debug] [2021-07-09T14:19:30.975Z] >>> [apiv2][query] GET https://api.github.com/repos/SanjidaAfrin25/my-portfolio/actions/secrets/public-key type=owner
[debug] [2021-07-09T14:19:31.483Z] <<< [apiv2][status] GET https://api.github.com/repos/SanjidaAfrin25/my-portfolio/actions/secrets/public-key 404
[debug] [2021-07-09T14:19:31.483Z] <<< [apiv2][body] GET https://api.github.com/repos/SanjidaAfrin25/my-portfolio/actions/secrets/public-key {"message":"Not Found","documentation_url":"https://docs.github.com/rest/reference/actions#get-a-repository-public-key"}
[debug] [2021-07-09T14:26:17.192Z] >>> [apiv2][query] GET https://api.github.com/repos/    /actions/secrets/public-key type=owner
[debug] [2021-07-09T14:26:17.674Z] <<< [apiv2][status] GET https://api.github.com/repos/    /actions/secrets/public-key 404
[debug] [2021-07-09T14:26:17.674Z] <<< [apiv2][body] GET https://api.github.com/repos/    /actions/secrets/public-key {"message":"Not Found","documentation_url":"https://docs.github.com/rest"}
[debug] [2021-07-09T14:26:18.375Z] >>> [apiv2][query] GET https://api.github.com/repos//actions/secrets/public-key type=owner
[debug] [2021-07-09T14:26:18.835Z] <<< [apiv2][status] GET https://api.github.com/repos//actions/secrets/public-key 404
[debug] [2021-07-09T14:26:18.835Z] <<< [apiv2][body] GET https://api.github.com/repos//actions/secrets/public-key {"message":"Not Found","documentation_url":"https://docs.github.com/rest"}
[debug] [2021-07-09T14:26:20.032Z] >>> [apiv2][query] GET https://api.github.com/repos//actions/secrets/public-key type=owner
[debug] [2021-07-09T14:26:20.467Z] <<< [apiv2][status] GET https://api.github.com/repos//actions/secrets/public-key 404
[debug] [2021-07-09T14:26:20.468Z] <<< [apiv2][body] GET https://api.github.com/repos//actions/secrets/public-key {"message":"Not Found","documentation_url":"https://docs.github.com/rest"}
